Determining if the pthread_create exist failed with the following output:
Change Dir: /home/jgarcia/projects/djsr/dj_mix_recorder_clion/cmake-build-debug/CMakeFiles/CMakeTmp

Run Build Command:"/usr/bin/make" "cmTC_6abaa/fast"
/usr/bin/make -f CMakeFiles/cmTC_6abaa.dir/build.make CMakeFiles/cmTC_6abaa.dir/build
make[1]: Entering directory '/home/jgarcia/projects/djsr/dj_mix_recorder_clion/cmake-build-debug/CMakeFiles/CMakeTmp'
Building C object CMakeFiles/cmTC_6abaa.dir/CheckSymbolExists.c.o
/usr/bin/cc   -std=gnu99 -o CMakeFiles/cmTC_6abaa.dir/CheckSymbolExists.c.o   -c /home/jgarcia/projects/djsr/dj_mix_recorder_clion/cmake-build-debug/CMakeFiles/CMakeTmp/CheckSymbolExists.c
Linking C executable cmTC_6abaa
/home/jgarcia/Downloads/clion-2017.2.2/bin/cmake/bin/cmake -E cmake_link_script CMakeFiles/cmTC_6abaa.dir/link.txt --verbose=1
/usr/bin/cc      CMakeFiles/cmTC_6abaa.dir/CheckSymbolExists.c.o  -o cmTC_6abaa 
CMakeFiles/cmTC_6abaa.dir/CheckSymbolExists.c.o: In function `main':
CheckSymbolExists.c:(.text+0x1b): undefined reference to `pthread_create'
collect2: error: ld returned 1 exit status
CMakeFiles/cmTC_6abaa.dir/build.make:97: recipe for target 'cmTC_6abaa' failed
make[1]: *** [cmTC_6abaa] Error 1
make[1]: Leaving directory '/home/jgarcia/projects/djsr/dj_mix_recorder_clion/cmake-build-debug/CMakeFiles/CMakeTmp'
Makefile:126: recipe for target 'cmTC_6abaa/fast' failed
make: *** [cmTC_6abaa/fast] Error 2

File /home/jgarcia/projects/djsr/dj_mix_recorder_clion/cmake-build-debug/CMakeFiles/CMakeTmp/CheckSymbolExists.c:
/* */
#include <pthread.h>

int main(int argc, char** argv)
{
  (void)argv;
#ifndef pthread_create
  return ((int*)(&pthread_create))[argc];
#else
  (void)argc;
  return 0;
#endif
}

Determining if the function pthread_create exists in the pthreads failed with the following output:
Change Dir: /home/jgarcia/projects/djsr/dj_mix_recorder_clion/cmake-build-debug/CMakeFiles/CMakeTmp

Run Build Command:"/usr/bin/make" "cmTC_112b9/fast"
/usr/bin/make -f CMakeFiles/cmTC_112b9.dir/build.make CMakeFiles/cmTC_112b9.dir/build
make[1]: Entering directory '/home/jgarcia/projects/djsr/dj_mix_recorder_clion/cmake-build-debug/CMakeFiles/CMakeTmp'
Building C object CMakeFiles/cmTC_112b9.dir/CheckFunctionExists.c.o
/usr/bin/cc   -DCHECK_FUNCTION_EXISTS=pthread_create   -std=gnu99 -o CMakeFiles/cmTC_112b9.dir/CheckFunctionExists.c.o   -c /home/jgarcia/Downloads/clion-2017.2.2/bin/cmake/share/cmake-3.8/Modules/CheckFunctionExists.c
Linking C executable cmTC_112b9
/home/jgarcia/Downloads/clion-2017.2.2/bin/cmake/bin/cmake -E cmake_link_script CMakeFiles/cmTC_112b9.dir/link.txt --verbose=1
/usr/bin/cc  -DCHECK_FUNCTION_EXISTS=pthread_create    CMakeFiles/cmTC_112b9.dir/CheckFunctionExists.c.o  -o cmTC_112b9 -lpthreads 
/usr/bin/ld: cannot find -lpthreads
collect2: error: ld returned 1 exit status
CMakeFiles/cmTC_112b9.dir/build.make:97: recipe for target 'cmTC_112b9' failed
make[1]: *** [cmTC_112b9] Error 1
make[1]: Leaving directory '/home/jgarcia/projects/djsr/dj_mix_recorder_clion/cmake-build-debug/CMakeFiles/CMakeTmp'
Makefile:126: recipe for target 'cmTC_112b9/fast' failed
make: *** [cmTC_112b9/fast] Error 2


